<?xml version="1.0" encoding="UTF-8"?>
<!-- Generated by org.testng.reporters.JUnitReportReporter -->
<testsuite hostname="abhi-Lenovo-ideapad-330-15IKB" failures="0" tests="1" name="testCases.TC001_AccountRegistrationTest" time="18.353" errors="0" timestamp="2025-01-02T13:19:30 IST" skipped="0">
  <testcase classname="testCases.TC001_AccountRegistrationTest" name="verify_account_registration" time="18.353"/>
  <system-out/>
</testsuite> <!-- testCases.TC001_AccountRegistrationTest -->
