<?xml version="1.0" encoding="UTF-8"?>
<!-- Generated by org.testng.reporters.JUnitReportReporter -->
<testsuite hostname="abhi-Lenovo-ideapad-330-15IKB" failures="0" tests="1" name="testCases.TC005_AddtocartTest" time="4.191" errors="0" timestamp="2025-05-07T18:43:31 IST" skipped="0">
  <testcase classname="testCases.TC005_AddtocartTest" name="TestCart" time="4.191"/>
  <system-out/>
</testsuite> <!-- testCases.TC005_AddtocartTest -->
