<?xml version="1.0" encoding="UTF-8"?>
<!-- Generated by org.testng.reporters.JUnitReportReporter -->
<testsuite hostname="abhi-Lenovo-ideapad-330-15IKB" failures="0" tests="1" name="testCases.TC004_SearchProductTest" time="2.455" errors="0" timestamp="2025-05-07T20:04:15 IST" skipped="0">
  <testcase classname="testCases.TC004_SearchProductTest" name="verify_productsearch" time="2.455"/>
  <system-out/>
</testsuite> <!-- testCases.TC004_SearchProductTest -->
