<?xml version="1.0" encoding="UTF-8"?>
<!-- Generated by org.testng.reporters.JUnitReportReporter -->
<testsuite hostname="abhi-Lenovo-ideapad-330-15IKB" failures="0" tests="1" name="testCases.TC001_AccountRegistrationTest" time="11.189" errors="0" timestamp="2025-05-07T18:43:31 IST" skipped="0">
  <testcase classname="testCases.TC001_AccountRegistrationTest" name="verify_account_registration" time="11.189"/>
  <system-out/>
</testsuite> <!-- testCases.TC001_AccountRegistrationTest -->
