<?xml version="1.0" encoding="UTF-8"?>
<!-- Generated by org.testng.reporters.JUnitReportReporter -->
<testsuite hostname="abhi-Lenovo-ideapad-330-15IKB" failures="0" tests="1" name="testCases.TC004_SearchProductTest" time="1.650" errors="0" timestamp="2025-01-10T13:20:32 IST" skipped="0">
  <testcase classname="testCases.TC004_SearchProductTest" name="verify_productsearch" time="1.650"/>
  <system-out/>
</testsuite> <!-- testCases.TC004_SearchProductTest -->
