<?xml version="1.0" encoding="UTF-8"?>
<!-- Generated by org.testng.reporters.JUnitReportReporter -->
<testsuite hostname="abhi-Lenovo-ideapad-330-15IKB" failures="0" tests="1" name="testCases.TC002_LoginTest" time="12.261" errors="0" timestamp="2025-01-10T13:20:32 IST" skipped="0">
  <testcase classname="testCases.TC002_LoginTest" name="verify_login" time="12.261"/>
  <system-out/>
</testsuite> <!-- testCases.TC002_LoginTest -->
