<?xml version="1.0" encoding="UTF-8"?>
<!-- Generated by org.testng.reporters.JUnitReportReporter -->
<testsuite hostname="abhi-Lenovo-ideapad-330-15IKB" failures="0" tests="1" name="testCases.TC001_AccountRegistrationTest" time="11.091" errors="0" timestamp="2025-05-08T12:42:22 IST" skipped="0">
  <testcase classname="testCases.TC001_AccountRegistrationTest" name="verify_account_registration" time="11.091"/>
  <system-out/>
</testsuite> <!-- testCases.TC001_AccountRegistrationTest -->
