<?xml version="1.0" encoding="UTF-8"?>
<!-- Generated by org.testng.reporters.JUnitReportReporter -->
<testsuite hostname="abhi-Lenovo-ideapad-330-15IKB" failures="0" tests="1" name="testCases.TC005_AddtocartTest" time="4.159" errors="0" timestamp="2025-05-07T18:50:35 IST" skipped="0">
  <testcase classname="testCases.TC005_AddtocartTest" name="TestCart" time="4.159"/>
</testsuite> <!-- testCases.TC005_AddtocartTest -->
