<?xml version="1.0" encoding="UTF-8"?>
<!-- Generated by org.testng.reporters.JUnitReportReporter -->
<testsuite hostname="abhi-Lenovo-ideapad-330-15IKB" failures="0" tests="1" name="testCases.TC001_AccountRegistrationTest" time="7.313" errors="0" timestamp="2025-01-05T15:24:09 IST" skipped="0">
  <testcase classname="testCases.TC001_AccountRegistrationTest" name="verify_account_registration" time="7.313"/>
</testsuite> <!-- testCases.TC001_AccountRegistrationTest -->
